<?xml version="1.0" encoding="UTF-8"?>
<testsuite xmlns:xsi="http://www.w3.org/2001/XMLSchema-instance" xsi:noNamespaceSchemaLocation="https://maven.apache.org/surefire/maven-surefire-plugin/xsd/surefire-test-report.xsd" version="3.0.2" name="com.example.expense.expense_tracker.ExpenseServiceTest" time="1.134" tests="7" errors="0" skipped="0" failures="0">
  <properties>
[...]
</properties>
  <testcase name="testGetCurrentMonth" classname="com.example.expense.expense_tracker.ExpenseServiceTest" time="1.069">
    <system-err><![CDATA[Mockito is currently self-attaching to enable the inline-mock-maker. This will no longer work in future releases of the JDK. Please add Mockito as an agent to your build as described in Mockito's documentation: https://javadoc.io/doc/org.mockito/mockito-core/latest/org/mockito/Mockito.html#0.3
WARNING: A Java agent has been loaded dynamically (C:\Users\Waldo\.m2\repository\net\bytebuddy\byte-buddy-agent\1.15.11\byte-buddy-agent-1.15.11.jar)
WARNING: If a serviceability tool is in use, please run with -XX:+EnableDynamicAgentLoading to hide this warning
WARNING: If a serviceability tool is not in use, please run with -Djdk.instrument.traceUsage for more information
WARNING: Dynamic loading of agents will be disallowed by default in a future release
]]></system-err>
  </testcase>
  <testcase name="testSaveExpense" classname="com.example.expense.expense_tracker.ExpenseServiceTest" time="0.007"/>
  <testcase name="testTotalExpenseByMonth" classname="com.example.expense.expense_tracker.ExpenseServiceTest" time="0.005"/>
  <testcase name="testGetExpenseSummary" classname="com.example.expense.expense_tracker.ExpenseServiceTest" time="0.003"/>
  <testcase name="getAllExpense" classname="com.example.expense.expense_tracker.ExpenseServiceTest" time="0.007"/>
  <testcase name="testDeleteExpense" classname="com.example.expense.expense_tracker.ExpenseServiceTest" time="0.011"/>
  <testcase name="testGetExpenseById" classname="com.example.expense.expense_tracker.ExpenseServiceTest" time="0.002"/>
</testsuite>