<?xml version="1.0" encoding="UTF-8"?>
<testsuite xmlns:xsi="http://www.w3.org/2001/XMLSchema-instance" xsi:noNamespaceSchemaLocation="https://maven.apache.org/surefire/maven-surefire-plugin/xsd/surefire-test-report.xsd" version="3.0.2" name="com.example.expense.expense_tracker.ExpenseTrackerApplicationTests" time="5.079" tests="1" errors="0" skipped="0" failures="0">
  <properties>
[...]
</properties>
  <testcase name="contextLoads" classname="com.example.expense.expense_tracker.ExpenseTrackerApplicationTests" time="0.024">
    <system-out><![CDATA[22:46:30.533 [main] INFO org.springframework.test.context.support.AnnotationConfigContextLoaderUtils -- Could not detect default configuration classes for test class [com.example.expense.expense_tracker.ExpenseTrackerApplicationTests]: ExpenseTrackerApplicationTests does not declare any static, non-private, non-final, nested classes annotated with @Configuration.
22:46:30.650 [main] INFO org.springframework.boot.test.context.SpringBootTestContextBootstrapper -- Found @SpringBootConfiguration com.example.expense.expense_tracker.ExpenseTrackerApplication for test class com.example.expense.expense_tracker.ExpenseTrackerApplicationTests
22:46:30.818 [main] INFO org.springframework.boot.devtools.restart.RestartApplicationListener -- Restart disabled due to context in which it is running

  .   ____          _            __ _ _
 /\\ / ___'_ __ _ _(_)_ __  __ _ \ \ \ \
( ( )\___ | '_ | '_| | '_ \/ _` | \ \ \ \
 \\/  ___)| |_)| | | | | || (_| |  ) ) ) )
  '  |____| .__|_| |_|_| |_\__, | / / / /
 =========|_|==============|___/=/_/_/_/

 :: Spring Boot ::                (v3.4.2)

2025-02-15T22:46:31.065+08:00  INFO 15228 --- [expense-tracker] [           main] c.e.e.e.ExpenseTrackerApplicationTests   : Starting ExpenseTrackerApplicationTests using Java 23.0.2 with PID 15228 (started by Waldo in C:\Users\Waldo\expense-tracker)
2025-02-15T22:46:31.067+08:00  INFO 15228 --- [expense-tracker] [           main] c.e.e.e.ExpenseTrackerApplicationTests   : No active profile set, falling back to 1 default profile: "default"
2025-02-15T22:46:31.652+08:00  INFO 15228 --- [expense-tracker] [           main] .s.d.r.c.RepositoryConfigurationDelegate : Bootstrapping Spring Data JPA repositories in DEFAULT mode.
2025-02-15T22:46:31.709+08:00  INFO 15228 --- [expense-tracker] [           main] .s.d.r.c.RepositoryConfigurationDelegate : Finished Spring Data repository scanning in 45 ms. Found 1 JPA repository interface.
2025-02-15T22:46:32.165+08:00  INFO 15228 --- [expense-tracker] [           main] o.hibernate.jpa.internal.util.LogHelper  : HHH000204: Processing PersistenceUnitInfo [name: default]
2025-02-15T22:46:32.259+08:00  INFO 15228 --- [expense-tracker] [           main] org.hibernate.Version                    : HHH000412: Hibernate ORM core version 6.6.5.Final
2025-02-15T22:46:32.306+08:00  INFO 15228 --- [expense-tracker] [           main] o.h.c.internal.RegionFactoryInitiator    : HHH000026: Second-level cache disabled
2025-02-15T22:46:32.439+08:00  INFO 15228 --- [expense-tracker] [           main] o.s.o.j.p.SpringPersistenceUnitInfo      : No LoadTimeWeaver setup: ignoring JPA class transformer
2025-02-15T22:46:32.468+08:00  INFO 15228 --- [expense-tracker] [           main] com.zaxxer.hikari.HikariDataSource       : HikariPool-1 - Starting...
2025-02-15T22:46:32.650+08:00  INFO 15228 --- [expense-tracker] [           main] com.zaxxer.hikari.pool.HikariPool        : HikariPool-1 - Added connection org.postgresql.jdbc.PgConnection@26f204a4
2025-02-15T22:46:32.652+08:00  INFO 15228 --- [expense-tracker] [           main] com.zaxxer.hikari.HikariDataSource       : HikariPool-1 - Start completed.
2025-02-15T22:46:32.692+08:00  WARN 15228 --- [expense-tracker] [           main] org.hibernate.orm.deprecation            : HHH90000025: PostgreSQLDialect does not need to be specified explicitly using 'hibernate.dialect' (remove the property setting and it will be selected by default)
2025-02-15T22:46:32.721+08:00  INFO 15228 --- [expense-tracker] [           main] org.hibernate.orm.connections.pooling    : HHH10001005: Database info:
	Database JDBC URL [Connecting through datasource 'HikariDataSource (HikariPool-1)']
	Database driver: undefined/unknown
	Database version: 16.0
	Autocommit mode: undefined/unknown
	Isolation level: undefined/unknown
	Minimum pool size: undefined/unknown
	Maximum pool size: undefined/unknown
2025-02-15T22:46:33.345+08:00  INFO 15228 --- [expense-tracker] [           main] o.h.e.t.j.p.i.JtaPlatformInitiator       : HHH000489: No JTA platform available (set 'hibernate.transaction.jta.platform' to enable JTA platform integration)
Hibernate: 
    set client_min_messages = WARNING
Hibernate: 
    drop table if exists expense cascade
Hibernate: 
    drop sequence if exists expense_sequence
Hibernate: 
    create sequence expense_sequence start with 1 increment by 50
Hibernate: 
    create table expense (
        amount float(53),
        date timestamp(6),
        id bigint not null,
        category varchar(255),
        description varchar(255),
        primary key (id)
    )
2025-02-15T22:46:33.393+08:00  INFO 15228 --- [expense-tracker] [           main] j.LocalContainerEntityManagerFactoryBean : Initialized JPA EntityManagerFactory for persistence unit 'default'
2025-02-15T22:46:33.697+08:00  INFO 15228 --- [expense-tracker] [           main] o.s.d.j.r.query.QueryEnhancerFactory     : Hibernate is in classpath; If applicable, HQL parser will be used.
2025-02-15T22:46:34.797+08:00  WARN 15228 --- [expense-tracker] [           main] JpaBaseConfiguration$JpaWebConfiguration : spring.jpa.open-in-view is enabled by default. Therefore, database queries may be performed during view rendering. Explicitly configure spring.jpa.open-in-view to disable this warning
2025-02-15T22:46:35.272+08:00  INFO 15228 --- [expense-tracker] [           main] c.e.e.e.ExpenseTrackerApplicationTests   : Started ExpenseTrackerApplicationTests in 4.463 seconds (process running for 6.735)
Hibernate: 
    select
        nextval('expense_sequence')
Hibernate: 
    select
        nextval('expense_sequence')
Hibernate: 
    insert 
    into
        expense
        (amount, category, date, description, id) 
    values
        (?, ?, ?, ?, ?)
Hibernate: 
    insert 
    into
        expense
        (amount, category, date, description, id) 
    values
        (?, ?, ?, ?, ?)
Hibernate: 
    insert 
    into
        expense
        (amount, category, date, description, id) 
    values
        (?, ?, ?, ?, ?)
Hibernate: 
    insert 
    into
        expense
        (amount, category, date, description, id) 
    values
        (?, ?, ?, ?, ?)
Hibernate: 
    insert 
    into
        expense
        (amount, category, date, description, id) 
    values
        (?, ?, ?, ?, ?)
Hibernate: 
    insert 
    into
        expense
        (amount, category, date, description, id) 
    values
        (?, ?, ?, ?, ?)
Hibernate: 
    insert 
    into
        expense
        (amount, category, date, description, id) 
    values
        (?, ?, ?, ?, ?)
Hibernate: 
    insert 
    into
        expense
        (amount, category, date, description, id) 
    values
        (?, ?, ?, ?, ?)
Hibernate: 
    insert 
    into
        expense
        (amount, category, date, description, id) 
    values
        (?, ?, ?, ?, ?)
Hibernate: 
    insert 
    into
        expense
        (amount, category, date, description, id) 
    values
        (?, ?, ?, ?, ?)
Hibernate: 
    insert 
    into
        expense
        (amount, category, date, description, id) 
    values
        (?, ?, ?, ?, ?)
Hibernate: 
    insert 
    into
        expense
        (amount, category, date, description, id) 
    values
        (?, ?, ?, ?, ?)
Hibernate: 
    insert 
    into
        expense
        (amount, category, date, description, id) 
    values
        (?, ?, ?, ?, ?)
Hibernate: 
    insert 
    into
        expense
        (amount, category, date, description, id) 
    values
        (?, ?, ?, ?, ?)
Hibernate: 
    insert 
    into
        expense
        (amount, category, date, description, id) 
    values
        (?, ?, ?, ?, ?)
Hibernate: 
    insert 
    into
        expense
        (amount, category, date, description, id) 
    values
        (?, ?, ?, ?, ?)
Hibernate: 
    insert 
    into
        expense
        (amount, category, date, description, id) 
    values
        (?, ?, ?, ?, ?)
Hibernate: 
    insert 
    into
        expense
        (amount, category, date, description, id) 
    values
        (?, ?, ?, ?, ?)
Hibernate: 
    insert 
    into
        expense
        (amount, category, date, description, id) 
    values
        (?, ?, ?, ?, ?)
Hibernate: 
    insert 
    into
        expense
        (amount, category, date, description, id) 
    values
        (?, ?, ?, ?, ?)
Hibernate: 
    insert 
    into
        expense
        (amount, category, date, description, id) 
    values
        (?, ?, ?, ?, ?)
Hibernate: 
    insert 
    into
        expense
        (amount, category, date, description, id) 
    values
        (?, ?, ?, ?, ?)
Hibernate: 
    insert 
    into
        expense
        (amount, category, date, description, id) 
    values
        (?, ?, ?, ?, ?)
Hibernate: 
    insert 
    into
        expense
        (amount, category, date, description, id) 
    values
        (?, ?, ?, ?, ?)
Hibernate: 
    insert 
    into
        expense
        (amount, category, date, description, id) 
    values
        (?, ?, ?, ?, ?)
Hibernate: 
    insert 
    into
        expense
        (amount, category, date, description, id) 
    values
        (?, ?, ?, ?, ?)
Hibernate: 
    insert 
    into
        expense
        (amount, category, date, description, id) 
    values
        (?, ?, ?, ?, ?)
Hibernate: 
    insert 
    into
        expense
        (amount, category, date, description, id) 
    values
        (?, ?, ?, ?, ?)
Hibernate: 
    insert 
    into
        expense
        (amount, category, date, description, id) 
    values
        (?, ?, ?, ?, ?)
Hibernate: 
    insert 
    into
        expense
        (amount, category, date, description, id) 
    values
        (?, ?, ?, ?, ?)
Hibernate: 
    insert 
    into
        expense
        (amount, category, date, description, id) 
    values
        (?, ?, ?, ?, ?)
]]></system-out>
  </testcase>
</testsuite>