<?xml version="1.0" encoding="UTF-8"?>
<testsuite xmlns:xsi="http://www.w3.org/2001/XMLSchema-instance" xsi:noNamespaceSchemaLocation="https://maven.apache.org/surefire/maven-surefire-plugin/xsd/surefire-test-report.xsd" version="3.0.2" name="com.example.expense.expense_tracker.ExpenseServiceTest" time="1.653" tests="7" errors="0" skipped="0" failures="0">
  <properties>
[...]
</properties>
  <testcase name="testGetCurrentMonth" classname="com.example.expense.expense_tracker.ExpenseServiceTest" time="1.542"/>
  <testcase name="testSaveExpense" classname="com.example.expense.expense_tracker.ExpenseServiceTest" time="0.007"/>
  <testcase name="testTotalExpenseByMonth" classname="com.example.expense.expense_tracker.ExpenseServiceTest" time="0.003"/>
  <testcase name="testGetExpenseSummary" classname="com.example.expense.expense_tracker.ExpenseServiceTest" time="0.004"/>
  <testcase name="getAllExpense" classname="com.example.expense.expense_tracker.ExpenseServiceTest" time="0.009"/>
  <testcase name="testDeleteExpense" classname="com.example.expense.expense_tracker.ExpenseServiceTest" time="0.018"/>
  <testcase name="testGetExpenseById" classname="com.example.expense.expense_tracker.ExpenseServiceTest" time="0.008"/>
</testsuite>